2026-03-11 22:54:13,825 - app - INFO - Application is starting...
2026-03-11 22:54:13,825 - app - INFO - Initializing database...
2026-03-11 22:54:13,970 - app - INFO - Database connection established
2026-03-11 22:54:13,970 - app - INFO - Registered 3 tables: users, categories, expenses
2026-03-11 22:54:13,970 - app - INFO - Creating tables in the database...
2026-03-11 22:54:14,515 - app - INFO - Tables created successfully
2026-03-11 22:54:14,515 - app - INFO - Database initialized successfully
2026-03-11 22:54:22,920 - app - INFO - Register attempt
2026-03-11 22:54:22,920 - app - INFO - 
2026-03-11 22:54:24,743 - app - INFO - Login attempt
2026-03-11 22:54:24,743 - app - INFO - Authenticating user
2026-03-11 22:54:27,011 - app - INFO - Login attempt
2026-03-11 22:54:27,011 - app - INFO - Authenticating user
2026-03-11 22:54:27,489 - app - INFO - User 1 is fetching categories
2026-03-11 22:54:27,604 - app - INFO - User 1 is fetching expenses
2026-03-11 22:54:36,158 - app - INFO - User 1 is adding category
2026-03-11 22:54:36,186 - app - INFO - User 1 is fetching categories
2026-03-11 22:54:42,539 - app - INFO - User 1 is adding category
2026-03-11 22:54:42,557 - app - INFO - User 1 is fetching categories
2026-03-11 22:54:46,297 - app - INFO - User 1 is adding category
2026-03-11 22:54:46,314 - app - INFO - User 1 is fetching categories
2026-03-11 22:54:46,862 - app - INFO - User 1 is adding category
2026-03-11 22:54:46,878 - app - INFO - User 1 is fetching categories
2026-03-11 22:54:47,722 - app - INFO - User 1 is adding category
2026-03-11 22:54:47,740 - app - INFO - User 1 is fetching categories
2026-03-11 22:55:15,276 - app - INFO - User 1 is adding expense
2026-03-11 22:55:15,393 - app - INFO - User 1 is fetching expenses
2026-03-11 22:55:27,389 - app - INFO - User 1 is updating expense 1
2026-03-11 22:55:28,418 - app - INFO - User 1 is fetching expenses
2026-03-11 22:55:30,020 - app - INFO - User 1 is deleting expense 1
2026-03-11 22:55:30,042 - app - INFO - User 1 is fetching expenses
2026-03-11 22:55:31,625 - app - INFO - User 1 is deleting category 3
2026-03-11 22:55:31,643 - app - INFO - User 1 is fetching categories
2026-03-11 22:55:31,647 - app - INFO - User 1 is fetching expenses
2026-03-11 22:55:32,562 - app - INFO - User 1 is deleting category 2
2026-03-11 22:55:32,583 - app - INFO - User 1 is fetching categories
2026-03-11 22:55:32,586 - app - INFO - User 1 is fetching expenses
2026-03-11 22:55:50,905 - app - INFO - User 1 is fetching expenses
2026-03-11 22:55:56,456 - app - INFO - User 1 is fetching expenses
2026-03-11 22:55:56,620 - app - INFO - User 1 is fetching expenses
2026-03-11 22:55:56,774 - app - INFO - User 1 is fetching expenses
2026-03-11 22:55:56,933 - app - INFO - User 1 is fetching expenses
2026-03-11 22:55:57,082 - app - INFO - User 1 is fetching expenses
2026-03-11 22:55:57,244 - app - INFO - User 1 is fetching expenses
2026-03-11 22:56:55,492 - app - INFO - User 1 is fetching expenses
2026-03-12 16:52:29,262 - app - INFO - Application is starting...
2026-03-12 16:52:29,262 - app - INFO - Initializing database...
2026-03-12 16:52:29,954 - app - INFO - Database connection established
2026-03-12 16:52:29,955 - app - INFO - Registered 3 tables: users, categories, expenses
2026-03-12 16:52:29,955 - app - INFO - Creating tables in the database...
2026-03-12 16:52:30,162 - app - INFO - Tables created successfully
2026-03-12 16:52:30,163 - app - INFO - Database initialized successfully
2026-03-12 16:52:42,023 - app - INFO - Login attempt
2026-03-12 16:52:42,023 - app - INFO - Authenticating user
2026-03-12 16:52:46,929 - app - INFO - Login attempt
2026-03-12 16:52:46,929 - app - INFO - Authenticating user
2026-03-12 16:52:48,043 - app - INFO - User 1 is fetching categories
2026-03-12 16:52:48,286 - app - INFO - User 1 is fetching expenses
2026-03-12 16:52:51,084 - app - INFO - User 1 is deleting category 1
2026-03-12 16:52:51,116 - app - INFO - User 1 is fetching categories
2026-03-12 16:52:51,530 - app - INFO - User 1 is fetching expenses
2026-03-12 16:52:52,272 - app - INFO - User 1 is deleting category 1
2026-03-12 16:52:55,949 - app - INFO - User 1 is deleting category 4
2026-03-12 16:52:55,975 - app - INFO - User 1 is fetching categories
2026-03-12 16:52:55,978 - app - INFO - User 1 is fetching expenses
2026-03-12 16:52:57,991 - app - INFO - User 1 is deleting category 5
2026-03-12 16:52:58,011 - app - INFO - User 1 is fetching categories
2026-03-12 16:52:58,014 - app - INFO - User 1 is fetching expenses
2026-03-12 16:53:05,263 - app - INFO - User 1 is deleting category 5
2026-03-12 16:53:05,639 - app - INFO - User 1 is deleting category 5
2026-03-12 16:53:05,806 - app - INFO - User 1 is deleting category 5
2026-03-12 16:53:18,586 - app - INFO - User 1 is deleting category 5
2026-03-12 16:54:13,101 - app - INFO - User 1 is adding expense
2026-03-12 16:54:13,463 - app - INFO - User 1 is fetching expenses
2026-03-14 00:38:01,908 - app - INFO - Application is starting...
2026-03-14 00:38:01,910 - app - INFO - Initializing database...
2026-03-14 00:38:03,102 - app - INFO - Database connection established
2026-03-14 00:38:03,102 - app - INFO - Registered 3 tables: users, categories, expenses
2026-03-14 00:38:03,102 - app - INFO - Creating tables in the database...
2026-03-14 00:38:03,427 - app - INFO - Tables created successfully
2026-03-14 00:38:03,428 - app - INFO - Database initialized successfully
2026-03-14 00:38:25,727 - app - INFO - Login attempt
2026-03-14 00:38:25,727 - app - INFO - Authenticating user
2026-03-14 00:38:47,395 - app - INFO - Login attempt
2026-03-14 00:38:47,395 - app - INFO - Authenticating user
2026-03-14 00:38:47,754 - app - INFO - User 1 is fetching categories
2026-03-14 00:38:47,850 - app - INFO - User 1 is fetching expenses
2026-03-14 00:39:59,410 - app - INFO - User 1 is adding expense
2026-03-14 00:40:00,125 - app - INFO - User 1 is fetching expenses
2026-03-14 00:40:13,853 - app - INFO - User 1 is fetching expenses
2026-03-14 00:40:14,560 - app - INFO - User 1 is fetching expenses
2026-03-14 00:50:15,502 - app - INFO - Closing database connections...
2026-03-14 00:50:15,678 - app - INFO - Database connections closed
2026-03-14 00:50:15,679 - app - INFO - Application has stopped.
